16:46:54:001 : STLinkUSBDriver.dll loaded
16:46:54:001 : ST-LINK FW  : V3J7M1
16:46:54:001 : Voltage     : 0.00V
16:46:54:001 : Bridge freq : 48000 KHz
16:46:54:001 : SPI connection parameters
16:46:54:001 : Baudrate    : 750 KHz
16:46:54:001 : mode        : MASTER
16:46:54:001 : direction   : 2LINES_FULLDUPLEX
16:46:54:001 : dataSize    : 8B
16:46:54:001 : Format      : MOTOROLA
16:46:54:001 : nsspulse    : NO_PULSE
16:46:54:001 : nss         : HARD
16:46:54:001 : delay       : NO_DELAY
16:46:54:001 : cpha        : 1EDGE
16:46:54:001 : cpol        : LOW
16:46:54:001 : firstbit    : MSB
16:46:54:001 : crc         : DISABLE
16:46:54:001 : s 1 byte(s): 0x5A
16:46:54:036 : ACK received
16:46:54:037 : s 1 byte(s): 0x5A
16:46:54:037 : s 1 byte(s): 0x01
16:46:54:037 : s 1 byte(s): 0xFE
16:46:54:079 : ACK received
16:46:54:081 : r 1 byte(s): 0x11
16:46:54:091 : ACK received
16:46:54:091 : BL version  : 1.1
16:46:54:092 : s 1 byte(s): 0x5A
16:46:54:092 : s 1 byte(s): 0x02
16:46:54:092 : s 1 byte(s): 0xFD
16:46:54:130 : ACK received
16:46:54:132 : r 3 byte(s): 0x01 0x04 0x50
16:46:54:142 : ACK received
16:46:54:142 : Device ID   : 0x450
16:46:54:142 : s 1 byte(s): 0x5A
16:46:54:142 : s 1 byte(s): 0x50
16:46:54:142 : s 1 byte(s): 0xAF
16:46:54:179 : NACK received
16:46:54:179 : No security extension in BL
16:46:54:179 : Reading data...
16:46:54:180 : s 1 byte(s): 0x5A
16:46:54:182 : s 1 byte(s): 0x11
16:46:54:182 : s 1 byte(s): 0xEE
16:46:54:218 : ACK received
16:46:54:220 : s 5 byte(s): 0x08 0x00 0x00 0x00 0x08
16:46:54:256 : ACK received
16:46:54:257 : s 2 byte(s): 0x03 0xFC
16:46:54:296 : ACK received
16:46:54:298 : r 4 byte(s): 0x00 0x00 0x08 0x24
16:46:54:298 : s 1 byte(s): 0x5A
16:46:54:298 : s 1 byte(s): 0x02
16:46:54:298 : s 1 byte(s): 0xFD
16:46:54:347 : ACK received
16:46:54:349 : r 3 byte(s): 0x01 0x04 0x50
16:46:54:356 : ACK received
16:46:54:374 : Reading data...
16:46:54:374 : s 1 byte(s): 0x5A
16:46:54:374 : s 1 byte(s): 0x11
16:46:54:374 : s 1 byte(s): 0xEE
16:46:54:405 : ACK received
16:46:54:405 : s 5 byte(s): 0x08 0x00 0x00 0x00 0x08
16:46:54:439 : ACK received
16:46:54:440 : s 2 byte(s): 0x03 0xFC
16:46:54:479 : ACK received
16:46:54:480 : r 4 byte(s): 0x00 0x00 0x08 0x24
16:46:54:480 : Reading data...
16:46:54:481 : s 1 byte(s): 0x5A
16:46:54:481 : s 1 byte(s): 0x11
16:46:54:481 : s 1 byte(s): 0xEE
16:46:54:528 : ACK received
16:46:54:529 : s 5 byte(s): 0x08 0x00 0x00 0x00 0x08
16:46:54:564 : ACK received
16:46:54:565 : s 2 byte(s): 0x03 0xFC
16:46:54:604 : ACK received
16:46:54:605 : r 4 byte(s): 0x00 0x00 0x08 0x24
16:46:54:605 : Database: Config 0 is active.
16:46:54:606 : flash loader /home/martino/STMicroelectronics/STM32Cube/STM32CubeProgrammer/bin/FlashLoader/0x450.stldr is loaded
16:46:54:606 : Reading data...
16:46:54:607 : s 1 byte(s): 0x5A
16:46:54:607 : s 1 byte(s): 0x11
16:46:54:607 : s 1 byte(s): 0xEE
16:46:54:654 : ACK received
16:46:54:655 : s 5 byte(s): 0x08 0x00 0x00 0x00 0x08
16:46:54:691 : ACK received
16:46:54:692 : s 2 byte(s): 0x03 0xFC
16:46:54:732 : ACK received
16:46:54:738 : r 4 byte(s): 0x00 0x00 0x08 0x24
16:46:55:547 : Reading data...
16:46:55:547 : s 1 byte(s): 0x5A
16:46:55:547 : s 1 byte(s): 0x11
16:46:55:547 : s 1 byte(s): 0xEE
16:46:55:547 : ACK received
16:46:55:547 : s 5 byte(s): 0x08 0x00 0x00 0x00 0x08
16:46:55:547 : ACK received
16:46:55:547 : s 2 byte(s): 0x03 0xFC
16:46:55:547 : ACK received
16:46:55:547 : r 4 byte(s): 0x00 0x00 0x08 0x24
16:46:55:547 : UPLOADING OPTION BYTES DATA ...
16:46:55:547 :   Bank          : 0x00
16:46:55:547 :   Address       : 0x5200201c
16:46:55:547 :   Size          : 308 Bytes
16:46:55:547 : Reading data...
16:46:55:547 : s 1 byte(s): 0x5A
16:46:55:548 : s 1 byte(s): 0x11
16:46:55:548 : s 1 byte(s): 0xEE
16:46:55:548 : ACK received
16:46:55:548 : s 5 byte(s): 0x52 0x00 0x20 0x1C 0x6E
16:46:55:548 : ACK received
16:46:55:548 : s 2 byte(s): 0xFE 0x01
16:46:55:548 : ACK received
16:46:55:548 : r 255 byte(s):
16:46:55:548 : 0xF0 0xAA 0x86 0x0B 0xF0 0xAA 0x86 0x0B 0x00 0x00 0x00 0x00 0xFF 0x00 0x00 0x00
16:46:55:548 : 0xFF 0x00 0x00 0x00 0xFF 0x00 0x00 0x00 0xFF 0x00 0x00 0x00 0xFF 0x00 0x00 0x00
16:46:55:548 : 0xFF 0x00 0x00 0x00 0x00 0x08 0xF0 0x1F 0x00 0x08 0xF0 0x1F 0x10 0x08 0x00 0x10
16:46:55:548 : 0x10 0x08 0x00 0x10 0x00 0x00 0x1C 0x00 0x00 0x00 0x00 0x00 0x00 0x00 0x00 0x00
16:46:55:548 : 0x00 0x00 0x00 0x00 0x00 0x00 0x00 0x00 0x00 0x00 0x00 0x00 0x00 0x00 0x00 0x00
16:46:55:548 : 0x00 0x00 0x00 0x00 0x00 0x00 0x00 0x00 0x00 0x00 0x00 0x00 0x00 0x00 0x00 0x00
16:46:55:548 : 0x00 0x00 0x00 0x00 0x00 0x00 0x00 0x00 0x00 0x00 0x00 0x00 0x00 0x00 0x00 0x00
16:46:55:548 : 0x00 0x00 0x00 0x00 0x00 0x00 0x00 0x00 0x00 0x00 0x00 0x00 0x00 0x00 0x00 0x00
16:46:55:548 : 0x00 0x00 0x00 0x00 0x00 0x00 0x00 0x00 0x00 0x00 0x00 0x00 0x00 0x00 0x00 0x00
16:46:55:548 : 0x00 0x00 0x00 0x00 0x00 0x00 0x00 0x00 0x00 0x00 0x00 0x00 0x00 0x00 0x00 0x00
16:46:55:548 : 0x00 0x00 0x00 0x00 0x00 0x00 0x00 0x00 0x00 0x00 0x00 0x00 0x00 0x00 0x00 0x00
16:46:55:548 : 0x00 0x00 0x00 0x00 0x00 0x00 0x00 0x00 0x00 0x00 0x00 0x00 0x00 0x00 0x00 0x00
16:46:55:548 : 0x00 0x00 0x00 0x00 0x00 0x00 0x00 0x00 0x00 0x00 0x00 0x00 0x00 0x00 0x00 0x00
16:46:55:548 : 0x00 0x00 0x00 0x00 0x00 0x00 0x00 0x00 0x00 0x00 0x00 0x00 0x00 0x00 0x00 0x00
16:46:55:548 : 0x00 0x00 0x00 0x00 0x34 0x00 0x00 0x00 0x00 0x00 0x00 0x00 0x00 0x00 0x00 0x00
16:46:55:548 : 0x31 0x00 0x00 0x00 0x00 0x00 0x00 0x00 0x00 0x00 0x00 0x00 0x01 0x00 0x00
16:46:55:548 : s 1 byte(s): 0x5A
16:46:55:548 : s 1 byte(s): 0x11
16:46:55:548 : s 1 byte(s): 0xEE
16:46:55:548 : ACK received
16:46:55:548 : s 5 byte(s): 0x52 0x00 0x21 0x1B 0x68
16:46:55:549 : ACK received
16:46:55:549 : s 2 byte(s): 0x34 0xCB
16:46:55:549 : ACK received
16:46:55:549 : r 53 byte(s):
16:46:55:549 : 0x00 0xF0 0xAA 0x86 0x0B 0xF0 0xAA 0x86 0x0B 0x00 0x00 0x00 0x00 0xFF 0x00 0x00
16:46:55:549 : 0x00 0xFF 0x00 0x00 0x00 0xFF 0x00 0x00 0x00 0xFF 0x00 0x00 0x00 0xFF 0x00 0x00
16:46:55:549 : 0x00 0xFF 0x00 0x00 0x00 0x00 0x08 0xF0 0x1F 0x00 0x08 0xF0 0x1F 0x10 0x08 0x00
16:46:55:549 : 0x10 0x10 0x08 0x00 0x10
16:46:55:549 : UPLOADING OPTION BYTES DATA ...
16:46:55:549 :   Bank          : 0x00
16:46:55:549 :   Address       : 0x5200201c
16:46:55:549 :   Size          : 308 Bytes
16:46:55:549 : Reading data...
16:46:55:549 : s 1 byte(s): 0x5A
16:46:55:549 : s 1 byte(s): 0x11
16:46:55:549 : s 1 byte(s): 0xEE
16:46:55:549 : ACK received
16:46:55:549 : s 5 byte(s): 0x52 0x00 0x20 0x1C 0x6E
16:46:55:549 : ACK received
16:46:55:549 : s 2 byte(s): 0xFE 0x01
16:46:55:549 : ACK received
16:46:55:549 : r 255 byte(s):
16:46:55:549 : 0xF0 0xAA 0x86 0x0B 0xF0 0xAA 0x86 0x0B 0x00 0x00 0x00 0x00 0xFF 0x00 0x00 0x00
16:46:55:549 : 0xFF 0x00 0x00 0x00 0xFF 0x00 0x00 0x00 0xFF 0x00 0x00 0x00 0xFF 0x00 0x00 0x00
16:46:55:550 : 0xFF 0x00 0x00 0x00 0x00 0x08 0xF0 0x1F 0x00 0x08 0xF0 0x1F 0x10 0x08 0x00 0x10
16:46:55:550 : 0x10 0x08 0x00 0x10 0x00 0x00 0x1C 0x00 0x00 0x00 0x00 0x00 0x00 0x00 0x00 0x00
16:46:55:550 : 0x00 0x00 0x00 0x00 0x00 0x00 0x00 0x00 0x00 0x00 0x00 0x00 0x00 0x00 0x00 0x00
16:46:55:550 : 0x00 0x00 0x00 0x00 0x00 0x00 0x00 0x00 0x00 0x00 0x00 0x00 0x00 0x00 0x00 0x00
16:46:55:550 : 0x00 0x00 0x00 0x00 0x00 0x00 0x00 0x00 0x00 0x00 0x00 0x00 0x00 0x00 0x00 0x00
16:46:55:550 : 0x00 0x00 0x00 0x00 0x00 0x00 0x00 0x00 0x00 0x00 0x00 0x00 0x00 0x00 0x00 0x00
16:46:55:550 : 0x00 0x00 0x00 0x00 0x00 0x00 0x00 0x00 0x00 0x00 0x00 0x00 0x00 0x00 0x00 0x00
16:46:55:550 : 0x00 0x00 0x00 0x00 0x00 0x00 0x00 0x00 0x00 0x00 0x00 0x00 0x00 0x00 0x00 0x00
16:46:55:550 : 0x00 0x00 0x00 0x00 0x00 0x00 0x00 0x00 0x00 0x00 0x00 0x00 0x00 0x00 0x00 0x00
16:46:55:550 : 0x00 0x00 0x00 0x00 0x00 0x00 0x00 0x00 0x00 0x00 0x00 0x00 0x00 0x00 0x00 0x00
16:46:55:550 : 0x00 0x00 0x00 0x00 0x00 0x00 0x00 0x00 0x00 0x00 0x00 0x00 0x00 0x00 0x00 0x00
16:46:55:550 : 0x00 0x00 0x00 0x00 0x00 0x00 0x00 0x00 0x00 0x00 0x00 0x00 0x00 0x00 0x00 0x00
16:46:55:550 : 0x00 0x00 0x00 0x00 0x34 0x00 0x00 0x00 0x00 0x00 0x00 0x00 0x00 0x00 0x00 0x00
16:46:55:550 : 0x31 0x00 0x00 0x00 0x00 0x00 0x00 0x00 0x00 0x00 0x00 0x00 0x01 0x00 0x00
16:46:55:550 : s 1 byte(s): 0x5A
16:46:55:550 : s 1 byte(s): 0x11
16:46:55:550 : s 1 byte(s): 0xEE
16:46:55:550 : ACK received
16:46:55:550 : s 5 byte(s): 0x52 0x00 0x21 0x1B 0x68
16:46:55:550 : ACK received
16:46:55:550 : s 2 byte(s): 0x34 0xCB
16:46:55:550 : ACK received
16:46:55:550 : r 53 byte(s):
16:46:55:550 : 0x00 0xF0 0xAA 0x86 0x0B 0xF0 0xAA 0x86 0x0B 0x00 0x00 0x00 0x00 0xFF 0x00 0x00
16:46:55:550 : 0x00 0xFF 0x00 0x00 0x00 0xFF 0x00 0x00 0x00 0xFF 0x00 0x00 0x00 0xFF 0x00 0x00
16:46:55:550 : 0x00 0xFF 0x00 0x00 0x00 0x00 0x08 0xF0 0x1F 0x00 0x08 0xF0 0x1F 0x10 0x08 0x00
16:46:55:550 : 0x10 0x10 0x08 0x00 0x10
16:46:55:550 : s 1 byte(s): 0x5A
16:46:55:550 : s 1 byte(s): 0x02
16:46:55:550 : s 1 byte(s): 0xFD
16:46:55:550 : ACK received
16:46:55:551 : r 3 byte(s): 0x01 0x04 0x50
16:46:55:602 : ACK received
16:46:55:602 : UPLOADING ...
16:46:55:602 :   Size          : 1024 Bytes
16:46:55:602 :   Address       : 0x8000000
16:46:55:602 : Read progress:
16:46:55:602 : Reading data...
16:46:55:602 : s 1 byte(s): 0x5A
16:46:55:602 : s 1 byte(s): 0x11
16:46:55:602 : s 1 byte(s): 0xEE
16:46:55:626 : ACK received
16:46:55:626 : s 5 byte(s): 0x08 0x00 0x00 0x00 0x08
16:46:55:645 : ACK received
16:46:55:645 : s 2 byte(s): 0xFE 0x01
16:46:55:671 : ACK received
16:46:55:671 : r 255 byte(s):
16:46:55:671 : 0x00 0x00 0x08 0x24 0xE9 0x7F 0x01 0x08 0x35 0x80 0x01 0x08 0xA9 0xC0 0x00 0x08
16:46:55:671 : 0xAF 0xC0 0x00 0x08 0xB5 0xC0 0x00 0x08 0xBB 0xC0 0x00 0x08 0x00 0x00 0x00 0x00
16:46:55:672 : 0x00 0x00 0x00 0x00 0x00 0x00 0x00 0x00 0x00 0x00 0x00 0x00 0x41 0xDB 0x00 0x08
16:46:55:672 : 0x35 0x80 0x01 0x08 0x00 0x00 0x00 0x00 0xD9 0xDB 0x00 0x08 0xE9 0xDB 0x00 0x08
16:46:55:672 : 0x35 0x80 0x01 0x08 0x35 0x80 0x01 0x08 0x35 0x80 0x01 0x08 0x35 0x80 0x01 0x08
16:46:55:672 : 0x35 0x80 0x01 0x08 0x35 0x80 0x01 0x08 0x35 0x80 0x01 0x08 0x35 0x80 0x01 0x08
16:46:55:672 : 0x35 0x80 0x01 0x08 0x35 0x80 0x01 0x08 0x35 0x80 0x01 0x08 0x35 0x80 0x01 0x08
16:46:55:672 : 0x35 0x80 0x01 0x08 0x35 0x80 0x01 0x08 0x35 0x80 0x01 0x08 0x35 0x80 0x01 0x08
16:46:55:672 : 0x35 0x80 0x01 0x08 0x35 0x80 0x01 0x08 0x35 0x80 0x01 0x08 0x35 0x80 0x01 0x08
16:46:55:673 : 0x35 0x80 0x01 0x08 0x35 0x80 0x01 0x08 0x35 0x80 0x01 0x08 0x35 0x80 0x01 0x08
16:46:55:673 : 0x35 0x80 0x01 0x08 0x35 0x80 0x01 0x08 0x35 0x80 0x01 0x08 0x35 0x80 0x01 0x08
16:46:55:673 : 0x35 0x80 0x01 0x08 0x35 0x80 0x01 0x08 0x35 0x80 0x01 0x08 0x35 0x80 0x01 0x08
16:46:55:673 : 0x35 0x80 0x01 0x08 0x35 0x80 0x01 0x08 0x35 0x80 0x01 0x08 0x35 0x80 0x01 0x08
16:46:55:673 : 0x35 0x80 0x01 0x08 0x35 0x80 0x01 0x08 0x35 0x80 0x01 0x08 0x35 0x80 0x01 0x08
16:46:55:673 : 0x35 0x80 0x01 0x08 0x35 0x80 0x01 0x08 0x00 0x00 0x00 0x00 0x35 0x80 0x01 0x08
16:46:55:673 : 0x35 0x80 0x01 0x08 0x35 0x80 0x01 0x08 0x35 0x80 0x01 0x08 0x35 0x80 0x01
16:46:55:674 : s 1 byte(s): 0x5A
16:46:55:674 : s 1 byte(s): 0x11
16:46:55:674 : s 1 byte(s): 0xEE
16:46:55:721 : ACK received
16:46:55:722 : s 5 byte(s): 0x08 0x00 0x00 0xFF 0xF7
16:46:55:758 : ACK received
16:46:55:759 : s 2 byte(s): 0xFE 0x01
16:46:55:799 : ACK received
16:46:55:812 : r 255 byte(s):
16:46:55:812 : 0x08 0x35 0x80 0x01 0x08 0x35 0x80 0x01 0x08 0x35 0x80 0x01 0x08 0x35 0x80 0x01
16:46:55:812 : 0x08 0x35 0x80 0x01 0x08 0x35 0x80 0x01 0x08 0x35 0x80 0x01 0x08 0x35 0x80 0x01
16:46:55:812 : 0x08 0x35 0x80 0x01 0x08 0x35 0x80 0x01 0x08 0x35 0x80 0x01 0x08 0x35 0x80 0x01
16:46:55:812 : 0x08 0x35 0x80 0x01 0x08 0x35 0x80 0x01 0x08 0x35 0x80 0x01 0x08 0x35 0x80 0x01
16:46:55:812 : 0x08 0x35 0x80 0x01 0x08 0x35 0x80 0x01 0x08 0x00 0x00 0x00 0x00 0x00 0x00 0x00
16:46:55:812 : 0x00 0x35 0x80 0x01 0x08 0x35 0x80 0x01 0x08 0x35 0x80 0x01 0x08 0x35 0x80 0x01
16:46:55:812 : 0x08 0x35 0x80 0x01 0x08 0x35 0x80 0x01 0x08 0x35 0x80 0x01 0x08 0x35 0x80 0x01
16:46:55:812 : 0x08 0x35 0x80 0x01 0x08 0x35 0x80 0x01 0x08 0x35 0x80 0x01 0x08 0x00 0x00 0x00
16:46:55:812 : 0x00 0x35 0x80 0x01 0x08 0x35 0x80 0x01 0x08 0x35 0x80 0x01 0x08 0x35 0x80 0x01
16:46:55:812 : 0x08 0x35 0x80 0x01 0x08 0x35 0x80 0x01 0x08 0x35 0x80 0x01 0x08 0x35 0x80 0x01
16:46:55:812 : 0x08 0x35 0x80 0x01 0x08 0x35 0x80 0x01 0x08 0x35 0x80 0x01 0x08 0x35 0x80 0x01
16:46:55:812 : 0x08 0x35 0x80 0x01 0x08 0x35 0x80 0x01 0x08 0x35 0x80 0x01 0x08 0x35 0x80 0x01
16:46:55:812 : 0x08 0x35 0x80 0x01 0x08 0x35 0x80 0x01 0x08 0x35 0x80 0x01 0x08 0x35 0x80 0x01
16:46:55:812 : 0x08 0x35 0x80 0x01 0x08 0x35 0x80 0x01 0x08 0x35 0x80 0x01 0x08 0x35 0x80 0x01
16:46:55:813 : 0x08 0x35 0x80 0x01 0x08 0x35 0x80 0x01 0x08 0x35 0x80 0x01 0x08 0x35 0x80 0x01
16:46:55:813 : 0x08 0x35 0x80 0x01 0x08 0x35 0x80 0x01 0x08 0x35 0x80 0x01 0x08 0x35 0x80
16:46:55:813 : s 1 byte(s): 0x5A
16:46:55:813 : s 1 byte(s): 0x11
16:46:55:813 : s 1 byte(s): 0xEE
16:46:55:857 : ACK received
16:46:55:858 : s 5 byte(s): 0x08 0x00 0x01 0xFE 0xF7
16:46:55:894 : ACK received
16:46:55:895 : s 2 byte(s): 0xFE 0x01
16:46:55:934 : ACK received
16:46:55:955 : r 255 byte(s):
16:46:55:955 : 0x01 0x08 0x35 0x80 0x01 0x08 0x35 0x80 0x01 0x08 0x35 0x80 0x01 0x08 0x35 0x80
16:46:55:955 : 0x01 0x08 0x35 0x80 0x01 0x08 0x35 0x80 0x01 0x08 0x35 0x80 0x01 0x08 0x35 0x80
16:46:55:955 : 0x01 0x08 0x35 0x80 0x01 0x08 0x35 0x80 0x01 0x08 0x35 0x80 0x01 0x08 0x35 0x80
16:46:55:955 : 0x01 0x08 0x51 0x05 0x00 0x08 0xE5 0x7F 0x01 0x08 0x35 0x80 0x01 0x08 0x35 0x80
16:46:55:955 : 0x01 0x08 0x35 0x80 0x01 0x08 0x35 0x80 0x01 0x08 0x35 0x80 0x01 0x08 0x35 0x80
16:46:55:955 : 0x01 0x08 0x35 0x80 0x01 0x08 0x35 0x80 0x01 0x08 0x35 0x80 0x01 0x08 0x35 0x80
16:46:55:955 : 0x01 0x08 0x35 0x80 0x01 0x08 0x35 0x80 0x01 0x08 0x35 0x80 0x01 0x08 0x35 0x80
16:46:55:955 : 0x01 0x08 0x35 0x80 0x01 0x08 0x35 0x80 0x01 0x08 0x35 0x80 0x01 0x08 0x35 0x80
16:46:55:955 : 0x01 0x08 0x35 0x80 0x01 0x08 0x35 0x80 0x01 0x08 0x35 0x80 0x01 0x08 0x00 0x00
16:46:55:955 : 0x00 0x00 0x35 0x80 0x01 0x08 0x35 0x80 0x01 0x08 0x10 0xB5 0x05 0x4C 0x23 0x78
16:46:55:956 : 0x33 0xB9 0x04 0x4B 0x13 0xB1 0x04 0x48 0xAF 0xF3 0x00 0x80 0x01 0x23 0x23 0x70
16:46:55:956 : 0x10 0xBD 0xB8 0x07 0x00 0x24 0x00 0x00 0x00 0x00 0xFC 0xEC 0x01 0x08 0x08 0xB5
16:46:55:956 : 0x03 0x4B 0x1B 0xB1 0x03 0x49 0x03 0x48 0xAF 0xF3 0x00 0x80 0x08 0xBD 0x00 0x00
16:46:55:956 : 0x00 0x00 0xBC 0x07 0x00 0x24 0xFC 0xEC 0x01 0x08 0xA3 0xF5 0x80 0x3A 0x70 0x47
16:46:55:956 : 0x00 0xBF 0x15 0x4B 0x00 0x2B 0x08 0xBF 0x11 0x4B 0x9D 0x46 0xFF 0xF7 0xF5 0xFF
16:46:55:956 : 0x00 0x21 0x8B 0x46 0x0F 0x46 0x11 0x48 0x12 0x4A 0x12 0x1A 0x1A 0xF0 0x75
16:46:55:956 : s 1 byte(s): 0x5A
16:46:55:956 : s 1 byte(s): 0x11
16:46:55:956 : s 1 byte(s): 0xEE
16:46:55:994 : ACK received
16:46:55:994 : s 5 byte(s): 0x08 0x00 0x02 0xFD 0xF7
16:46:56:035 : ACK received
16:46:56:035 : s 2 byte(s): 0xFE 0x01
16:46:56:070 : ACK received
16:46:56:072 : r 255 byte(s):
16:46:56:072 : 0xFE 0x0C 0x4B 0x00 0x2B 0x00 0xD0 0x98 0x47 0x0B 0x4B 0x00 0x2B 0x00 0xD0 0x98
16:46:56:072 : 0x47 0x00 0x20 0x00 0x21 0x04 0x00 0x0D 0x00 0x0B 0x48 0x0C 0xF0 0x6E 0xFC 0x1A
16:46:56:072 : 0xF0 0x46 0xFC 0x20 0x00 0x29 0x00 0x0D 0xF0 0xCC 0xFA 0x0C 0xF0 0x24 0xFE 0x00
16:46:56:072 : 0x00 0x08 0x00 0x00 0x00 0x00 0x00 0x1D 0xD8 0x00 0x08 0x00 0x00 0x08 0x24 0xB8
16:46:56:072 : 0x07 0x00 0x24 0xE8 0x37 0x00 0x24 0x9D 0xA6 0x01 0x08 0x07 0xB5 0x00 0x93 0x13
16:46:56:072 : 0x46 0x0A 0x46 0x01 0x46 0x04 0x48 0x14 0xF0 0xF4 0xFB 0x00 0x38 0x18 0xBF 0x01
16:46:56:072 : 0x20 0x03 0xB0 0x5D 0xF8 0x04 0xFB 0xD4 0x07 0x00 0x24 0x07 0xB5 0x00 0x93 0x13
16:46:56:073 : 0x46 0x0A 0x46 0x01 0x46 0x04 0x48 0x14 0xF0 0xC6 0xFC 0x00 0x38 0x18 0xBF 0x01
16:46:56:073 : 0x20 0x03 0xB0 0x5D 0xF8 0x04 0xFB 0xD4 0x07 0x00 0x24 0x0A 0x46 0x01 0x46 0x03
16:46:56:073 : 0x48 0x08 0xB5 0x14 0xF0 0x8C 0xFD 0x00 0x38 0x18 0xBF 0x01 0x20 0x08 0xBD 0xD4
16:46:56:073 : 0x07 0x00 0x24 0xF0 0xB5 0x30 0x4C 0x8B 0xB0 0x08 0x27 0x01 0x26 0xD4 0xF8 0xE0
16:46:56:073 : 0x30 0x00 0x22 0x03 0x25 0x05 0xA9 0x43 0xF0 0x40 0x03 0x2B 0x48 0xC4 0xF8 0xE0
16:46:56:073 : 0x30 0xD4 0xF8 0xE0 0x30 0x03 0xF0 0x40 0x03 0x01 0x93 0x01 0x9B 0xCD 0xE9 0x07
16:46:56:074 : 0x25 0xCD 0xE9 0x05 0x76 0x10 0xF0 0x21 0xFB 0x00 0x22 0x39 0x46 0x23 0x48 0x10
16:46:56:074 : 0xF0 0x06 0xFC 0xD4 0xF8 0xDC 0x30 0x05 0xA9 0x21 0x48 0x43 0xF4 0x00 0x73 0xC4
16:46:56:074 : 0xF8 0xDC 0x30 0xD4 0xF8 0xDC 0x30 0x03 0xF4 0x00 0x73 0x02 0x93 0x02 0x9B
16:46:56:075 : s 1 byte(s): 0x5A
16:46:56:076 : s 1 byte(s): 0x11
16:46:56:077 : s 1 byte(s): 0xEE
16:46:56:121 : ACK received
16:46:56:122 : s 5 byte(s): 0x08 0x00 0x03 0xFC 0xF7
16:46:56:158 : ACK received
16:46:56:159 : s 2 byte(s): 0x03 0xFC
16:46:56:202 : ACK received
16:46:56:203 : r 4 byte(s): 0xD4 0xF8 0xE0 0x30
16:46:56:203 : Data read successfully
16:46:56:204 : Time elapsed during the read operation is: 00:00:00.651
16:46:56:207 : s 1 byte(s): 0x5A
16:46:56:207 : s 1 byte(s): 0x02
16:46:56:207 : s 1 byte(s): 0xFD
16:46:56:254 : ACK received
16:46:56:254 : r 3 byte(s): 0x01 0x04 0x50
16:46:56:266 : ACK received
16:46:57:262 : s 1 byte(s): 0x5A
16:46:57:262 : s 1 byte(s): 0x02
16:46:57:262 : s 1 byte(s): 0xFD
16:46:57:301 : ACK received
16:46:57:323 : r 3 byte(s): 0x01 0x04 0x50
16:46:57:323 : ACK received
16:46:58:310 : s 1 byte(s): 0x5A
16:46:58:310 : s 1 byte(s): 0x02
16:46:58:312 : s 1 byte(s): 0xFD
16:46:58:362 : ACK received
16:46:58:363 : r 3 byte(s): 0x01 0x04 0x50
16:46:58:370 : ACK received
16:46:59:365 : s 1 byte(s): 0x5A
16:46:59:365 : s 1 byte(s): 0x02
16:46:59:367 : s 1 byte(s): 0xFD
16:46:59:407 : ACK received
16:46:59:409 : r 3 byte(s): 0x01 0x04 0x50
16:46:59:436 : ACK received
16:47:00:417 : s 1 byte(s): 0x5A
16:47:00:417 : s 1 byte(s): 0x02
16:47:00:419 : s 1 byte(s): 0xFD
16:47:00:458 : ACK received
16:47:00:459 : r 3 byte(s): 0x01 0x04 0x50
16:47:00:465 : ACK received
16:47:01:466 : s 1 byte(s): 0x5A
16:47:01:466 : s 1 byte(s): 0x02
16:47:01:467 : s 1 byte(s): 0xFD
16:47:01:509 : ACK received
16:47:01:511 : r 3 byte(s): 0x01 0x04 0x50
16:47:01:532 : ACK received
16:47:02:524 : s 1 byte(s): 0x5A
16:47:02:524 : s 1 byte(s): 0x02
16:47:02:525 : s 1 byte(s): 0xFD
16:47:02:565 : ACK received
16:47:02:565 : r 3 byte(s): 0x01 0x04 0x50
16:47:02:572 : ACK received
16:47:03:572 : s 1 byte(s): 0x5A
16:47:03:573 : s 1 byte(s): 0x02
16:47:03:573 : s 1 byte(s): 0xFD
16:47:03:617 : ACK received
16:47:03:632 : r 3 byte(s): 0x01 0x04 0x50
16:47:03:632 : ACK received
16:47:04:627 : s 1 byte(s): 0x5A
16:47:04:627 : s 1 byte(s): 0x02
16:47:04:629 : s 1 byte(s): 0xFD
16:47:04:672 : ACK received
16:47:04:672 : r 3 byte(s): 0x01 0x04 0x50
16:47:04:675 : ACK received
16:47:05:676 : s 1 byte(s): 0x5A
16:47:05:677 : s 1 byte(s): 0x02
16:47:05:677 : s 1 byte(s): 0xFD
16:47:05:720 : ACK received
16:47:05:720 : r 3 byte(s): 0x01 0x04 0x50
16:47:05:725 : ACK received
16:47:06:725 : s 1 byte(s): 0x5A
16:47:06:727 : s 1 byte(s): 0x02
16:47:06:727 : s 1 byte(s): 0xFD
16:47:06:771 : ACK received
16:47:06:771 : r 3 byte(s): 0x01 0x04 0x50
16:47:06:773 : ACK received
16:47:07:774 : s 1 byte(s): 0x5A
16:47:07:774 : s 1 byte(s): 0x02
16:47:07:774 : s 1 byte(s): 0xFD
16:47:07:813 : ACK received
16:47:07:814 : r 3 byte(s): 0x01 0x04 0x50
16:47:07:842 : ACK received
16:47:08:828 : s 1 byte(s): 0x5A
16:47:08:828 : s 1 byte(s): 0x02
16:47:08:828 : s 1 byte(s): 0xFD
16:47:08:872 : ACK received
16:47:08:872 : r 3 byte(s): 0x01 0x04 0x50
16:47:08:877 : ACK received
16:47:09:878 : s 1 byte(s): 0x5A
16:47:09:878 : s 1 byte(s): 0x02
16:47:09:879 : s 1 byte(s): 0xFD
16:47:09:922 : ACK received
16:47:09:922 : r 3 byte(s): 0x01 0x04 0x50
16:47:09:926 : ACK received
16:47:10:927 : s 1 byte(s): 0x5A
16:47:10:927 : s 1 byte(s): 0x02
16:47:10:927 : s 1 byte(s): 0xFD
16:47:10:966 : ACK received
16:47:10:983 : r 3 byte(s): 0x01 0x04 0x50
16:47:10:983 : ACK received
16:47:11:976 : s 1 byte(s): 0x5A
16:47:11:976 : s 1 byte(s): 0x02
16:47:11:978 : s 1 byte(s): 0xFD
16:47:12:020 : ACK received
16:47:12:021 : r 3 byte(s): 0x01 0x04 0x50
16:47:12:029 : ACK received
16:47:13:030 : s 1 byte(s): 0x5A
16:47:13:030 : s 1 byte(s): 0x02
16:47:13:032 : s 1 byte(s): 0xFD
16:47:13:069 : ACK received
16:47:13:070 : r 3 byte(s): 0x01 0x04 0x50
16:47:13:101 : ACK received
16:47:14:079 : s 1 byte(s): 0x5A
16:47:14:079 : s 1 byte(s): 0x02
16:47:14:079 : s 1 byte(s): 0xFD
16:47:14:122 : ACK received
16:47:14:122 : r 3 byte(s): 0x01 0x04 0x50
16:47:14:126 : ACK received
16:47:15:127 : s 1 byte(s): 0x5A
16:47:15:127 : s 1 byte(s): 0x02
16:47:15:127 : s 1 byte(s): 0xFD
16:47:15:173 : ACK received
16:47:15:173 : r 3 byte(s): 0x01 0x04 0x50
16:47:15:186 : ACK received
16:47:16:176 : s 1 byte(s): 0x5A
16:47:16:176 : s 1 byte(s): 0x02
16:47:16:178 : s 1 byte(s): 0xFD
16:47:16:215 : ACK received
16:47:16:225 : r 3 byte(s): 0x01 0x04 0x50
16:47:16:225 : ACK received
16:47:17:225 : s 1 byte(s): 0x5A
16:47:17:225 : s 1 byte(s): 0x02
16:47:17:227 : s 1 byte(s): 0xFD
16:47:17:265 : ACK received
16:47:17:266 : r 3 byte(s): 0x01 0x04 0x50
16:47:17:273 : ACK received
16:47:18:274 : s 1 byte(s): 0x5A
16:47:18:275 : s 1 byte(s): 0x02
16:47:18:275 : s 1 byte(s): 0xFD
16:47:18:316 : ACK received
16:47:18:316 : r 3 byte(s): 0x01 0x04 0x50
16:47:18:322 : ACK received
16:47:19:323 : s 1 byte(s): 0x5A
16:47:19:324 : s 1 byte(s): 0x02
16:47:19:324 : s 1 byte(s): 0xFD
16:47:19:361 : ACK received
16:47:19:363 : r 3 byte(s): 0x01 0x04 0x50
16:47:19:392 : ACK received
16:47:20:373 : s 1 byte(s): 0x5A
16:47:20:374 : s 1 byte(s): 0x02
16:47:20:374 : s 1 byte(s): 0xFD
16:47:20:412 : ACK received
16:47:20:414 : r 3 byte(s): 0x01 0x04 0x50
16:47:20:443 : ACK received
16:47:21:422 : s 1 byte(s): 0x5A
16:47:21:423 : s 1 byte(s): 0x02
16:47:21:423 : s 1 byte(s): 0xFD
16:47:21:461 : ACK received
16:47:21:464 : r 3 byte(s): 0x01 0x04 0x50
16:47:21:489 : ACK received
16:47:22:471 : s 1 byte(s): 0x5A
16:47:22:471 : s 1 byte(s): 0x02
16:47:22:471 : s 1 byte(s): 0xFD
16:47:22:510 : ACK received
16:47:22:512 : r 3 byte(s): 0x01 0x04 0x50
16:47:22:540 : ACK received
16:47:23:520 : s 1 byte(s): 0x5A
16:47:23:520 : s 1 byte(s): 0x02
16:47:23:520 : s 1 byte(s): 0xFD
16:47:23:560 : ACK received
16:47:23:561 : r 3 byte(s): 0x01 0x04 0x50
16:47:23:579 : ACK received
16:47:24:569 : s 1 byte(s): 0x5A
16:47:24:569 : s 1 byte(s): 0x02
16:47:24:571 : s 1 byte(s): 0xFD
16:47:24:609 : ACK received
16:47:24:610 : r 3 byte(s): 0x01 0x04 0x50
16:47:24:643 : ACK received
16:47:25:618 : s 1 byte(s): 0x5A
16:47:25:618 : s 1 byte(s): 0x02
16:47:25:619 : s 1 byte(s): 0xFD
16:47:25:658 : ACK received
16:47:25:660 : r 3 byte(s): 0x01 0x04 0x50
16:47:25:693 : ACK received
16:47:26:667 : s 1 byte(s): 0x5A
16:47:26:667 : s 1 byte(s): 0x02
16:47:26:669 : s 1 byte(s): 0xFD
16:47:26:722 : ACK received
16:47:26:722 : r 3 byte(s): 0x01 0x04 0x50
16:47:26:722 : ACK received
16:47:27:716 : s 1 byte(s): 0x5A
16:47:27:716 : s 1 byte(s): 0x02
16:47:27:718 : s 1 byte(s): 0xFD
16:47:27:761 : ACK received
16:47:27:761 : r 3 byte(s): 0x01 0x04 0x50
16:47:27:766 : ACK received
16:47:28:767 : s 1 byte(s): 0x5A
16:47:28:767 : s 1 byte(s): 0x02
16:47:28:769 : s 1 byte(s): 0xFD
16:47:28:810 : ACK received
16:47:28:812 : r 3 byte(s): 0x01 0x04 0x50
16:47:28:843 : ACK received
16:47:29:820 : s 1 byte(s): 0x5A
16:47:29:821 : s 1 byte(s): 0x02
16:47:29:821 : s 1 byte(s): 0xFD
16:47:29:871 : ACK received
16:47:29:871 : r 3 byte(s): 0x01 0x04 0x50
16:47:29:877 : ACK received
16:47:30:878 : s 1 byte(s): 0x5A
16:47:30:878 : s 1 byte(s): 0x02
16:47:30:880 : s 1 byte(s): 0xFD
16:47:30:922 : ACK received
16:47:30:922 : r 3 byte(s): 0x01 0x04 0x50
16:47:30:926 : ACK received
16:47:31:927 : s 1 byte(s): 0x5A
16:47:31:927 : s 1 byte(s): 0x02
16:47:31:928 : s 1 byte(s): 0xFD
16:47:31:974 : ACK received
16:47:31:974 : r 3 byte(s): 0x01 0x04 0x50
16:47:31:979 : ACK received
16:47:32:980 : s 1 byte(s): 0x5A
16:47:32:980 : s 1 byte(s): 0x02
16:47:32:982 : s 1 byte(s): 0xFD
16:47:33:023 : ACK received
16:47:33:023 : r 3 byte(s): 0x01 0x04 0x50
16:47:33:028 : ACK received
16:47:34:028 : s 1 byte(s): 0x5A
16:47:34:030 : s 1 byte(s): 0x02
16:47:34:030 : s 1 byte(s): 0xFD
16:47:34:075 : ACK received
16:47:34:075 : r 3 byte(s): 0x01 0x04 0x50
16:47:34:086 : ACK received
16:47:35:086 : s 1 byte(s): 0x5A
16:47:35:086 : s 1 byte(s): 0x02
16:47:35:088 : s 1 byte(s): 0xFD
16:47:35:126 : ACK received
16:47:35:136 : r 3 byte(s): 0x01 0x04 0x50
16:47:35:136 : ACK received
16:47:36:135 : s 1 byte(s): 0x5A
16:47:36:135 : s 1 byte(s): 0x02
16:47:36:137 : s 1 byte(s): 0xFD
16:47:36:176 : ACK received
16:47:36:185 : r 3 byte(s): 0x01 0x04 0x50
16:47:36:187 : ACK received
16:47:37:189 : s 1 byte(s): 0x5A
16:47:37:189 : s 1 byte(s): 0x02
16:47:37:189 : s 1 byte(s): 0xFD
16:47:37:243 : ACK received
16:47:37:243 : r 3 byte(s): 0x01 0x04 0x50
16:47:37:243 : ACK received
16:47:38:231 : s 1 byte(s): 0x5A
16:47:38:232 : s 1 byte(s): 0x02
16:47:38:232 : s 1 byte(s): 0xFD
16:47:38:274 : ACK received
16:47:38:276 : r 3 byte(s): 0x01 0x04 0x50
16:47:38:308 : ACK received
16:47:39:283 : s 1 byte(s): 0x5A
16:47:39:283 : s 1 byte(s): 0x02
16:47:39:285 : s 1 byte(s): 0xFD
16:47:39:332 : ACK received
16:47:39:332 : r 3 byte(s): 0x01 0x04 0x50
16:47:39:333 : ACK received
16:47:40:332 : s 1 byte(s): 0x5A
16:47:40:332 : s 1 byte(s): 0x02
16:47:40:332 : s 1 byte(s): 0xFD
16:47:40:382 : ACK received
16:47:40:382 : r 3 byte(s): 0x01 0x04 0x50
16:47:40:383 : ACK received
16:47:41:383 : s 1 byte(s): 0x5A
16:47:41:383 : s 1 byte(s): 0x02
16:47:41:385 : s 1 byte(s): 0xFD
16:47:41:430 : ACK received
16:47:41:430 : r 3 byte(s): 0x01 0x04 0x50
16:47:41:432 : ACK received
16:47:42:431 : s 1 byte(s): 0x5A
16:47:42:431 : s 1 byte(s): 0x02
16:47:42:431 : s 1 byte(s): 0xFD
16:47:42:474 : ACK received
16:47:42:475 : r 3 byte(s): 0x01 0x04 0x50
16:47:42:485 : ACK received
16:47:43:479 : s 1 byte(s): 0x5A
16:47:43:481 : s 1 byte(s): 0x02
16:47:43:481 : s 1 byte(s): 0xFD
16:47:43:529 : ACK received
16:47:43:529 : r 3 byte(s): 0x01 0x04 0x50
16:47:43:548 : ACK received
16:47:44:527 : s 1 byte(s): 0x5A
16:47:44:527 : s 1 byte(s): 0x02
16:47:44:528 : s 1 byte(s): 0xFD
16:47:44:568 : ACK received
16:47:44:568 : r 3 byte(s): 0x01 0x04 0x50
16:47:44:577 : ACK received
16:47:45:576 : s 1 byte(s): 0x5A
16:47:45:576 : s 1 byte(s): 0x02
16:47:45:576 : s 1 byte(s): 0xFD
16:47:45:628 : ACK received
16:47:45:628 : r 3 byte(s): 0x01 0x04 0x50
16:47:45:630 : ACK received
16:47:46:630 : s 1 byte(s): 0x5A
16:47:46:632 : s 1 byte(s): 0x02
16:47:46:632 : s 1 byte(s): 0xFD
16:47:46:685 : ACK received
16:47:46:685 : r 3 byte(s): 0x01 0x04 0x50
16:47:46:685 : ACK received
16:47:47:684 : s 1 byte(s): 0x5A
16:47:47:684 : s 1 byte(s): 0x02
16:47:47:684 : s 1 byte(s): 0xFD
16:47:47:729 : ACK received
16:47:47:729 : r 3 byte(s): 0x01 0x04 0x50
16:47:47:731 : ACK received
16:47:48:732 : s 1 byte(s): 0x5A
16:47:48:732 : s 1 byte(s): 0x02
16:47:48:732 : s 1 byte(s): 0xFD
16:47:48:776 : ACK received
16:47:48:777 : r 3 byte(s): 0x01 0x04 0x50
16:47:48:813 : ACK received
16:47:49:785 : s 1 byte(s): 0x5A
16:47:49:785 : s 1 byte(s): 0x02
16:47:49:786 : s 1 byte(s): 0xFD
16:47:49:825 : ACK received
16:47:49:827 : r 3 byte(s): 0x01 0x04 0x50
16:47:49:861 : ACK received
16:47:50:835 : s 1 byte(s): 0x5A
16:47:50:835 : s 1 byte(s): 0x02
16:47:50:836 : s 1 byte(s): 0xFD
16:47:50:880 : ACK received
16:47:50:883 : r 3 byte(s): 0x01 0x04 0x50
16:47:50:908 : ACK received
16:47:51:891 : s 1 byte(s): 0x5A
16:47:51:891 : s 1 byte(s): 0x02
16:47:51:893 : s 1 byte(s): 0xFD
16:47:51:944 : ACK received
16:47:51:944 : r 3 byte(s): 0x01 0x04 0x50
16:47:51:955 : ACK received
16:47:52:943 : s 1 byte(s): 0x5A
16:47:52:945 : s 1 byte(s): 0x02
16:47:52:945 : s 1 byte(s): 0xFD
16:47:52:991 : ACK received
16:47:52:991 : r 3 byte(s): 0x01 0x04 0x50
16:47:53:003 : ACK received
